 --- Mon, 08 Sep 2025 07:24:58 GMT ---
Joined room ucag

 --- Mon, 08 Sep 2025 07:28:41 GMT ---
Keyfinder error: expected {"piece":"O","x":1,"y":2,"rotation":0}, got {"piece":"O","x":2,"y":1,"rotation":0}

 --- Mon, 08 Sep 2025 07:32:31 GMT ---
Left room UCAG

 --- Mon, 08 Sep 2025 07:56:01 GMT ---
Joined room ehuh

 --- Mon, 08 Sep 2025 07:58:29 GMT ---
Left room EHUH

 --- Mon, 08 Sep 2025 08:58:08 GMT ---
Joined room sqpf

 --- Mon, 08 Sep 2025 08:58:10 GMT ---
ERROR (code 3f53015416a33455), left rooms
Error: Fetch failed on GET to users/me: fetch failed
 --- Mon, 08 Sep 2025 08:58:12 GMT ---
ERROR (code 23b288ddcad67e12)
Error: Fetch failed on GET to users/me: fetch failed
 --- Mon, 08 Sep 2025 08:59:36 GMT ---
Joined room sqpf

 --- Mon, 08 Sep 2025 09:14:05 GMT ---
Keyfinder error: expected {"piece":"I","x":-2,"y":17,"rotation":1}, got {"piece":"I","x":3,"y":24,"rotation":1}

 --- Mon, 08 Sep 2025 09:21:35 GMT ---
Keyfinder error: expected {"piece":"O","x":3,"y":10,"rotation":0}, got {"piece":"O","x":3,"y":13,"rotation":0}

 --- Mon, 08 Sep 2025 09:31:25 GMT ---
Keyfinder error: expected {"piece":"T","x":8,"y":22,"rotation":3}, got {"piece":"T","x":6,"y":22,"rotation":3}

 --- Mon, 08 Sep 2025 09:31:26 GMT ---
Keyfinder error: expected {"piece":"S","x":7,"y":22,"rotation":1}, got {"piece":"S","x":3,"y":22,"rotation":1}

 --- Mon, 08 Sep 2025 09:33:28 GMT ---
Left room SQPF

 --- Mon, 08 Sep 2025 23:56:22 GMT ---
Joined room bbfk

 --- Mon, 08 Sep 2025 23:57:36 GMT ---
Left room BBFK

 --- Tue, 09 Sep 2025 00:07:48 GMT ---
Joined room wwhh

 --- Tue, 09 Sep 2025 00:12:41 GMT ---
Left room WWHH

 --- Tue, 09 Sep 2025 00:29:42 GMT ---
Joined room lged

 --- Tue, 09 Sep 2025 00:35:08 GMT ---
Keyfinder error: expected {"piece":"O","x":5,"y":2,"rotation":0}, got {"piece":"O","x":6,"y":1,"rotation":0}

 --- Tue, 09 Sep 2025 00:37:32 GMT ---
Left room LGED

 --- Tue, 09 Sep 2025 01:21:20 GMT ---
Joined room haua

 --- Tue, 09 Sep 2025 01:24:25 GMT ---
Keyfinder error: expected {"piece":"O","x":5,"y":2,"rotation":0}, got {"piece":"O","x":6,"y":1,"rotation":0}

 --- Tue, 09 Sep 2025 01:24:28 GMT ---
Keyfinder error: expected {"piece":"J","x":5,"y":2,"rotation":1}, got {"piece":"L","x":3,"y":22,"rotation":0}

 --- Tue, 09 Sep 2025 01:24:58 GMT ---
Left room HAUA

 --- Tue, 09 Sep 2025 04:37:54 GMT ---
Joined room ttfa

 --- Tue, 09 Sep 2025 04:39:44 GMT ---
Left room TTFA

 --- Tue, 09 Sep 2025 04:39:48 GMT ---
Joined room ttfa

 --- Tue, 09 Sep 2025 04:41:21 GMT ---
ERROR (code e9efc83195377d19), left rooms
ReferenceError: allKeys is not defined
 --- Tue, 09 Sep 2025 04:41:21 GMT ---
Left room TTFA

 --- Tue, 09 Sep 2025 04:41:50 GMT ---
Joined room ttfa

 --- Tue, 09 Sep 2025 04:56:22 GMT ---
Left room TTFA

 --- Tue, 09 Sep 2025 04:56:24 GMT ---
Left room TTFA

 --- Tue, 09 Sep 2025 04:56:41 GMT ---
ERROR (code acc5242f68ac1645)
TypeError: fetch failed
 --- Tue, 09 Sep 2025 04:56:41 GMT ---
ERROR (code f9892ad102646dc9)
Error: Fetch failed on POST to users/authenticate: fetch failed
 --- Tue, 09 Sep 2025 04:56:58 GMT ---
ERROR (code 0fd345e5393bf063)
UnhandledPromiseRejection: This error originated either by throwing inside of an async function without a catch block, or by rejecting a promise which was not handled with .catch(). The promise rejected with the reason "Failed to connect".
 --- Tue, 09 Sep 2025 09:35:30 GMT ---
Joined room fapg

 --- Tue, 09 Sep 2025 09:40:40 GMT ---
Left room FAPG

 --- Tue, 09 Sep 2025 09:40:46 GMT ---
Joined room fapg

 --- Tue, 09 Sep 2025 09:41:49 GMT ---
Left room FAPG

 --- Wed, 10 Sep 2025 00:14:59 GMT ---
Joined room ymns

 --- Wed, 10 Sep 2025 00:23:14 GMT ---
Left room YMNS

 --- Wed, 10 Sep 2025 00:59:07 GMT ---
Joined room ngfc

 --- Wed, 10 Sep 2025 00:59:10 GMT ---
ERROR (code e734401b8eaf2bb3), left rooms
ReferenceError: child_process is not defined
 --- Wed, 10 Sep 2025 00:59:10 GMT ---
Left room NGFC

 --- Wed, 10 Sep 2025 00:59:37 GMT ---
Joined room ngfc

 --- Wed, 10 Sep 2025 01:00:28 GMT ---
Left room NGFC

 --- Wed, 10 Sep 2025 01:02:17 GMT ---
Joined room ngfc

 --- Wed, 10 Sep 2025 01:04:03 GMT ---
Left room NGFC

 --- Wed, 10 Sep 2025 01:04:28 GMT ---
Joined room ngfc

 --- Wed, 10 Sep 2025 01:07:51 GMT ---
Left room NGFC

 --- Wed, 10 Sep 2025 01:08:02 GMT ---
Joined room ngfc

 --- Wed, 10 Sep 2025 01:09:53 GMT ---
Left room NGFC

